{"/projects/Hermoor/src/core/utils/validations/date.ts": {"path":"/projects/Hermoor/src/core/utils/validations/date.ts","statementMap":{"0":{"start":{"line":4,"column":2},"end":{"line":4,"column":32}}},"fnMap":{"0":{"name":"validDate","decl":{"start":{"line":3,"column":9},"end":{"line":3,"column":18}},"loc":{"start":{"line":3,"column":65},"end":{"line":5,"column":1}},"line":3}},"branchMap":{},"s":{"0":6},"f":{"0":6},"b":{},"_coverageSchema":"1a1c01bbd47fc00a2c39e90264f33305004495a9","hash":"d1c25a96579f1185e2cf8e7a16a27d554d1bbcb0"}
,"/projects/Hermoor/src/core/utils/validations/email.ts": {"path":"/projects/Hermoor/src/core/utils/validations/email.ts","statementMap":{"0":{"start":{"line":3,"column":4},"end":{"line":3,"column":138}},"1":{"start":{"line":5,"column":2},"end":{"line":5,"column":44}},"2":{"start":{"line":5,"column":31},"end":{"line":5,"column":44}},"3":{"start":{"line":7,"column":2},"end":{"line":7,"column":14}}},"fnMap":{"0":{"name":"validEmail","decl":{"start":{"line":1,"column":9},"end":{"line":1,"column":19}},"loc":{"start":{"line":1,"column":44},"end":{"line":8,"column":1}},"line":1}},"branchMap":{"0":{"loc":{"start":{"line":5,"column":2},"end":{"line":5,"column":44}},"type":"if","locations":[{"start":{"line":5,"column":2},"end":{"line":5,"column":44}},{"start":{},"end":{}}],"line":5}},"s":{"0":2,"1":2,"2":1,"3":1},"f":{"0":2},"b":{"0":[1,1]},"_coverageSchema":"1a1c01bbd47fc00a2c39e90264f33305004495a9","hash":"27fbca72a60e82863d94e9660c4aefd7d65ebd06"}
,"/projects/Hermoor/src/infra/http/HttpResponse.ts": {"path":"/projects/Hermoor/src/infra/http/HttpResponse.ts","statementMap":{"0":{"start":{"line":7,"column":2},"end":{"line":10,"column":4}},"1":{"start":{"line":14,"column":2},"end":{"line":17,"column":4}},"2":{"start":{"line":21,"column":2},"end":{"line":26,"column":4}},"3":{"start":{"line":30,"column":2},"end":{"line":35,"column":4}},"4":{"start":{"line":39,"column":2},"end":{"line":44,"column":4}},"5":{"start":{"line":48,"column":2},"end":{"line":53,"column":4}},"6":{"start":{"line":57,"column":2},"end":{"line":62,"column":4}},"7":{"start":{"line":66,"column":2},"end":{"line":71,"column":4}},"8":{"start":{"line":75,"column":2},"end":{"line":75,"column":21}},"9":{"start":{"line":77,"column":2},"end":{"line":82,"column":4}}},"fnMap":{"0":{"name":"ok","decl":{"start":{"line":6,"column":16},"end":{"line":6,"column":18}},"loc":{"start":{"line":6,"column":45},"end":{"line":11,"column":1}},"line":6},"1":{"name":"created","decl":{"start":{"line":13,"column":16},"end":{"line":13,"column":23}},"loc":{"start":{"line":13,"column":40},"end":{"line":18,"column":1}},"line":13},"2":{"name":"clientError","decl":{"start":{"line":20,"column":16},"end":{"line":20,"column":27}},"loc":{"start":{"line":20,"column":56},"end":{"line":27,"column":1}},"line":20},"3":{"name":"unauthorized","decl":{"start":{"line":29,"column":16},"end":{"line":29,"column":28}},"loc":{"start":{"line":29,"column":57},"end":{"line":36,"column":1}},"line":29},"4":{"name":"forbidden","decl":{"start":{"line":38,"column":16},"end":{"line":38,"column":25}},"loc":{"start":{"line":38,"column":54},"end":{"line":45,"column":1}},"line":38},"5":{"name":"notFound","decl":{"start":{"line":47,"column":16},"end":{"line":47,"column":24}},"loc":{"start":{"line":47,"column":53},"end":{"line":54,"column":1}},"line":47},"6":{"name":"conflict","decl":{"start":{"line":56,"column":16},"end":{"line":56,"column":24}},"loc":{"start":{"line":56,"column":53},"end":{"line":63,"column":1}},"line":56},"7":{"name":"tooMany","decl":{"start":{"line":65,"column":16},"end":{"line":65,"column":23}},"loc":{"start":{"line":65,"column":52},"end":{"line":72,"column":1}},"line":65},"8":{"name":"fail","decl":{"start":{"line":74,"column":16},"end":{"line":74,"column":20}},"loc":{"start":{"line":74,"column":49},"end":{"line":83,"column":1}},"line":74}},"branchMap":{},"s":{"0":1,"1":1,"2":1,"3":1,"4":1,"5":1,"6":1,"7":1,"8":1,"9":1},"f":{"0":1,"1":1,"2":1,"3":1,"4":1,"5":1,"6":1,"7":1,"8":1},"b":{},"_coverageSchema":"1a1c01bbd47fc00a2c39e90264f33305004495a9","hash":"36ae1838db1bb446bc3a7c12fbf35c468f5bc54b"}
}
