TN:
SF:src/core/utils/validations/date.ts
FN:3,validDate
FNF:1
FNH:1
FNDA:6,validDate
DA:4,6
LF:1
LH:1
BRF:0
BRH:0
end_of_record
TN:
SF:src/core/utils/validations/email.ts
FN:1,validEmail
FNF:1
FNH:1
FNDA:2,validEmail
DA:3,2
DA:5,2
DA:7,1
LF:3
LH:3
BRDA:5,0,0,1
BRDA:5,0,1,1
BRF:2
BRH:2
end_of_record
TN:
SF:src/infra/http/HttpResponse.ts
FN:6,ok
FN:13,created
FN:20,clientError
FN:29,unauthorized
FN:38,forbidden
FN:47,notFound
FN:56,conflict
FN:65,tooMany
FN:74,fail
FNF:9
FNH:9
FNDA:1,ok
FNDA:1,created
FNDA:1,clientError
FNDA:1,unauthorized
FNDA:1,forbidden
FNDA:1,notFound
FNDA:1,conflict
FNDA:1,tooMany
FNDA:1,fail
DA:7,1
DA:14,1
DA:21,1
DA:30,1
DA:39,1
DA:48,1
DA:57,1
DA:66,1
DA:75,1
DA:77,1
LF:10
LH:10
BRF:0
BRH:0
end_of_record
